[debug] [2022-10-15T04:21:52.234Z] ----------------------------------------------------------------------
[debug] [2022-10-15T04:21:52.239Z] Command:       C:\Program Files\nodejs\node.exe C:\Users\asus\AppData\Roaming\npm\node_modules\firebase-tools\lib\bin\firebase.js init hosting:github
[debug] [2022-10-15T04:21:52.240Z] CLI Version:   11.14.4
[debug] [2022-10-15T04:21:52.240Z] Platform:      win32
[debug] [2022-10-15T04:21:52.240Z] Node Version:  v18.11.0
[debug] [2022-10-15T04:21:52.241Z] Time:          Sat Oct 15 2022 12:21:52 GMT+0800 (Philippine Standard Time)
[debug] [2022-10-15T04:21:52.242Z] ----------------------------------------------------------------------
[debug] 
[debug] [2022-10-15T04:21:52.398Z] > command requires scopes: ["email","openid","https://www.googleapis.com/auth/cloudplatformprojects.readonly","https://www.googleapis.com/auth/firebase","https://www.googleapis.com/auth/cloud-platform"]
[debug] [2022-10-15T04:21:52.399Z] > authorizing via signed-in user (zvicariato@gmail.com)
[info] 
     ######## #### ########  ######## ########     ###     ######  ########
     ##        ##  ##     ## ##       ##     ##  ##   ##  ##       ##
     ######    ##  ########  ######   ########  #########  ######  ######
     ##        ##  ##    ##  ##       ##     ## ##     ##       ## ##
     ##       #### ##     ## ######## ########  ##     ##  ######  ########

You're about to initialize a Firebase project in this directory:

  C:\NextJS\my-app

Before we get started, keep in mind:

  * You are currently outside your home directory
  * You are initializing within an existing Firebase project directory

[info] 
=== Project Setup
[info] 
[info] First, let's associate this project directory with a Firebase project.
[info] You can create multiple project aliases by running firebase use --add, 
[info] but for now we'll just set up a default project.
[info] 
[debug] [2022-10-15T04:21:55.093Z] Using project from CLI flag: iot-smns
[debug] [2022-10-15T04:21:55.102Z] >>> [apiv2][query] GET https://firebase.googleapis.com/v1beta1/projects/iot-smns [none]
[debug] [2022-10-15T04:21:55.902Z] <<< [apiv2][status] GET https://firebase.googleapis.com/v1beta1/projects/iot-smns 200
[debug] [2022-10-15T04:21:55.902Z] <<< [apiv2][body] GET https://firebase.googleapis.com/v1beta1/projects/iot-smns {"projectId":"iot-smns","projectNumber":"463617024866","displayName":"IoT-Smns","name":"projects/iot-smns","resources":{"hostingSite":"iot-smns","realtimeDatabaseInstance":"iot-smns-default-rtdb"},"state":"ACTIVE","etag":"1_98bf4ef5-bab6-4975-ab63-cfc7048d3462"}
[info] i  Using project iot-smns (IoT-Smns) 
[info] 
=== Hosting:github Setup
[info] 
[info] i  Didn't detect a .git folder. Assuming C:\NextJS\my-app is the project root. 
[info] i  Authorizing with GitHub to upload your service account to a GitHub repository's secrets store. 
[info] 
[info] Visit this URL on this device to log in:
[info] https://github.com/login/oauth/authorize?client_id=89cf50f02ac6aaed3484&state=732431078&redirect_uri=http%3A%2F%2Flocalhost%3A9005&scope=read%3Auser%20repo%20public_repo
[info] 
[info] Waiting for authentication...
[debug] [2022-10-15T04:22:01.887Z] >>> [apiv2][query] POST https://github.com/login/oauth/access_token [none]
[debug] [2022-10-15T04:22:01.887Z] >>> [apiv2][body] POST https://github.com/login/oauth/access_token [stream]
[debug] [2022-10-15T04:22:02.955Z] <<< [apiv2][status] POST https://github.com/login/oauth/access_token 200
[debug] [2022-10-15T04:22:02.955Z] <<< [apiv2][body] POST https://github.com/login/oauth/access_token {"access_token":"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","token_type":"bearer","scope":"read:user,repo"}
[debug] [2022-10-15T04:22:02.963Z] >>> [apiv2][query] GET https://api.github.com/user [none]
[debug] [2022-10-15T04:22:03.699Z] <<< [apiv2][status] GET https://api.github.com/user 200
[debug] [2022-10-15T04:22:03.699Z] <<< [apiv2][body] GET https://api.github.com/user {"login":"Zin3xt","id":102494618,"node_id":"U_kgDOBhvxmg","avatar_url":"https://avatars.githubusercontent.com/u/102494618?v=4","gravatar_id":"","url":"https://api.github.com/users/Zin3xt","html_url":"https://github.com/Zin3xt","followers_url":"https://api.github.com/users/Zin3xt/followers","following_url":"https://api.github.com/users/Zin3xt/following{/other_user}","gists_url":"https://api.github.com/users/Zin3xt/gists{/gist_id}","starred_url":"https://api.github.com/users/Zin3xt/starred{/owner}{/repo}","subscriptions_url":"https://api.github.com/users/Zin3xt/subscriptions","organizations_url":"https://api.github.com/users/Zin3xt/orgs","repos_url":"https://api.github.com/users/Zin3xt/repos","events_url":"https://api.github.com/users/Zin3xt/events{/privacy}","received_events_url":"https://api.github.com/users/Zin3xt/received_events","type":"User","site_admin":false,"name":null,"company":null,"blog":"","location":null,"email":null,"hireable":null,"bio":null,"twitter_username":null,"public_repos":9,"public_gists":0,"followers":0,"following":7,"created_at":"2022-03-28T01:16:31Z","updated_at":"2022-10-07T11:27:46Z","private_gists":0,"total_private_repos":6,"owned_private_repos":6,"disk_usage":1033,"collaborators":1,"two_factor_authentication":false,"plan":{"name":"free","space":976562499,"collaborators":0,"private_repos":10000}}
[info] 
[info] +  Success! Logged into GitHub as Zin3xt 
[info] 
